<?xml version="1.0" encoding="UTF-8"?>
<!-- Generated by org.testng.reporters.JUnitXMLReporter -->
<testsuite hostname="LAPTOP-3GQI8O12" ignored="0" name="Command line test" tests="4" failures="0" timestamp="2021-12-12T19:01:54 IST" time="37.971" errors="0">
  <testcase name="runScenario" time="5.459" classname="io.cucumber.testng.AbstractTestNGCucumberTests"/>
  <testcase name="runScenario" time="5.202" classname="io.cucumber.testng.AbstractTestNGCucumberTests"/>
  <testcase name="runScenario" time="15.218" classname="io.cucumber.testng.AbstractTestNGCucumberTests"/>
  <testcase name="runScenario" time="11.706" classname="io.cucumber.testng.AbstractTestNGCucumberTests"/>
</testsuite> <!-- Command line test -->
