<?xml version="1.0" encoding="UTF-8" ?>
<testsuite tests="3" failures="1" name="com.hilti.ta.RunCucumberTest" time="40.596" errors="0" skipped="0">
  <properties>
[...]
</properties>
  <testcase classname="com.hilti.ta.RunCucumberTest" name="runScenario" time="14.021">
    <failure message="expected [ULTIMATE] but found [PREMIUM]" type="java.lang.AssertionError">java.lang.AssertionError: expected [ULTIMATE] but found [PREMIUM]
	at org.testng.Assert.fail(Assert.java:97)
	at org.testng.Assert.assertEqualsImpl(Assert.java:136)
	at org.testng.Assert.assertEquals(Assert.java:118)
	at org.testng.Assert.assertEquals(Assert.java:575)
	at org.testng.Assert.assertEquals(Assert.java:585)
	at com.hilti.ta.pages.ProductCategoryPage.verifyOnlyProductPerformanceLevelsDisplayedWhenApplyFilter(ProductCategoryPage.java:167)
	at com.hilti.ta.pages.ProductCategoryPage.verifyProductTypeOnApplyFilters(ProductCategoryPage.java:125)
	at com.hilti.ta.steps.PerformanceSteps.userSeeOnlySamePerformanceTypeProduct(PerformanceSteps.java:43)
	at ✽.User can see only Ultimate performance level products on category page(file:///C:/Users/CKSAHU/Desktop/Phoenix_Workspace/testautomation-interview-project/target/test-classes/features/SampleFeature.feature:12)
</failure>
    <system-out>Configuring TestNG with: org.apache.maven.surefire.testng.conf.TestNG652Configurator@6979e8cb

@Smoke @Sample
Scenario Outline: Verify performance level filtering on category page for country US # target/test-classes/features/SampleFeature.feature:19
  Given User opens Hilti website for country US                                      # com.hilti.ta.steps.PerformanceSteps.userOpensHiltiWebsite(com.hilti.ta.utils.Country)
  When User navigates to category page for /CLS_DIAMOND_CUTTING_DISCS_7126           # com.hilti.ta.steps.PerformanceSteps.userNavigatesToCategoryPage(java.lang.String)
  Then User can see different performance level products on category page            # com.hilti.ta.steps.PerformanceSteps.diffPerformanceLevelProductsOnCategoryPage()
  When User selects performance level Ultimate in the filters                        # com.hilti.ta.steps.PerformanceSteps.diffPerformanceLevelProductsOnCategoryPage(java.lang.String)
  Then User can see only Ultimate performance level products on category page        # com.hilti.ta.steps.PerformanceSteps.userSeeOnlySamePerformanceTypeProduct(java.lang.String)
      java.lang.AssertionError: expected [ULTIMATE] but found [PREMIUM]
	at org.testng.Assert.fail(Assert.java:97)
	at org.testng.Assert.assertEqualsImpl(Assert.java:136)
	at org.testng.Assert.assertEquals(Assert.java:118)
	at org.testng.Assert.assertEquals(Assert.java:575)
	at org.testng.Assert.assertEquals(Assert.java:585)
	at com.hilti.ta.pages.ProductCategoryPage.verifyOnlyProductPerformanceLevelsDisplayedWhenApplyFilter(ProductCategoryPage.java:167)
	at com.hilti.ta.pages.ProductCategoryPage.verifyProductTypeOnApplyFilters(ProductCategoryPage.java:125)
	at com.hilti.ta.steps.PerformanceSteps.userSeeOnlySamePerformanceTypeProduct(PerformanceSteps.java:43)
	at ?.User can see only Ultimate performance level products on category page(file:///C:/Users/CKSAHU/Desktop/Phoenix_Workspace/testautomation-interview-project/target/test-classes/features/SampleFeature.feature:12)

  When User resets the performance level filter                                      # com.hilti.ta.steps.PerformanceSteps.userResetFilter()
  Then User can see different performance level products on category page            # com.hilti.ta.steps.PerformanceSteps.diffPerformanceLevelProductsOnCategoryPage()
</system-out>
    <system-err>SLF4J: Failed to load class &quot;org.slf4j.impl.StaticLoggerBinder&quot;.
SLF4J: Defaulting to no-operation (NOP) logger implementation
SLF4J: See http://www.slf4j.org/codes.html#StaticLoggerBinder for further details.
Dec 06, 2021 10:30:00 PM java.util.prefs.WindowsPreferences &lt;init&gt;
WARNING: Could not open/create prefs root node Software\JavaSoft\Prefs at root 0x80000002. Windows RegCreateKeyEx(...) returned error code 5.
Starting ChromeDriver 96.0.4664.45 (76e4c1bb2ab4671b8beba3444e61c0f17584b2fc-refs/branch-heads/4664@{#947}) on port 32784
Only local connections are allowed.
Please see https://chromedriver.chromium.org/security-considerations for suggestions on keeping ChromeDriver safe.
ChromeDriver was started successfully.
Dec 06, 2021 10:30:04 PM org.openqa.selenium.remote.ProtocolHandshake createSession
INFO: Detected dialect: W3C
</system-err>
  </testcase>
  <testcase classname="com.hilti.ta.RunCucumberTest" name="runScenario" time="13.985"/>
  <testcase classname="com.hilti.ta.RunCucumberTest" name="runScenario" time="12.59"/>
</testsuite>