<?xml version="1.0" encoding="UTF-8"?>
<!-- Generated by org.testng.reporters.JUnitXMLReporter -->
<testsuite hostname="LTIN1560" ignored="0" name="Command line test" tests="3" failures="1" timestamp="2021-12-06T22:30:41 IST" time="41.524" errors="0">
  <testcase name="runScenario" time="14.013" classname="io.cucumber.testng.AbstractTestNGCucumberTests">
    <failure type="java.lang.AssertionError" message="expected [ULTIMATE] but found [PREMIUM]">
      <![CDATA[java.lang.AssertionError: expected [ULTIMATE] but found [PREMIUM]
at com.hilti.ta.pages.ProductCategoryPage.verifyOnlyProductPerformanceLevelsDisplayedWhenApplyFilter(ProductCategoryPage.java:167)
at com.hilti.ta.pages.ProductCategoryPage.verifyProductTypeOnApplyFilters(ProductCategoryPage.java:125)
at com.hilti.ta.steps.PerformanceSteps.userSeeOnlySamePerformanceTypeProduct(PerformanceSteps.java:43)
at ✽.User can see only Ultimate performance level products on category page(file:///C:/Users/CKSAHU/Desktop/Phoenix_Workspace/testautomation-interview-project/target/test-classes/features/SampleFeature.feature:12)
... Removed 5 stack frames]]>
    </failure>
  </testcase> <!-- runScenario -->
  <testcase name="runScenario" time="13.99" classname="io.cucumber.testng.AbstractTestNGCucumberTests"/>
  <testcase name="runScenario" time="12.59" classname="io.cucumber.testng.AbstractTestNGCucumberTests"/>
</testsuite> <!-- Command line test -->
