<?xml version="1.0" encoding="UTF-8"?>
<!-- Generated by org.testng.reporters.JUnitReportReporter -->
<testsuite skipped="0" hostname="LTIN1560" name="com.hilti.ta.RunCucumberTest" tests="3" failures="1" timestamp="2021-12-06T22:30:41 IST" time="40.593" errors="0">
  <testcase name="runScenario" time="12.590" classname="com.hilti.ta.RunCucumberTest"/>
  <system-out/>
  <testcase name="runScenario" time="14.013" classname="com.hilti.ta.RunCucumberTest">
    <failure type="java.lang.AssertionError" message="expected [ULTIMATE] but found [PREMIUM]">
      <![CDATA[java.lang.AssertionError: expected [ULTIMATE] but found [PREMIUM]
at org.testng.Assert.fail(Assert.java:97)
at org.testng.Assert.assertEqualsImpl(Assert.java:136)
at org.testng.Assert.assertEquals(Assert.java:118)
at org.testng.Assert.assertEquals(Assert.java:575)
at org.testng.Assert.assertEquals(Assert.java:585)
at com.hilti.ta.pages.ProductCategoryPage.verifyOnlyProductPerformanceLevelsDisplayedWhenApplyFilter(ProductCategoryPage.java:167)
at com.hilti.ta.pages.ProductCategoryPage.verifyProductTypeOnApplyFilters(ProductCategoryPage.java:125)
at com.hilti.ta.steps.PerformanceSteps.userSeeOnlySamePerformanceTypeProduct(PerformanceSteps.java:43)
at ✽.User can see only Ultimate performance level products on category page(file:///C:/Users/CKSAHU/Desktop/Phoenix_Workspace/testautomation-interview-project/target/test-classes/features/SampleFeature.feature:12)
]]>
    </failure>
  </testcase> <!-- runScenario -->
  <system-out/>
  <testcase name="runScenario" time="13.990" classname="com.hilti.ta.RunCucumberTest"/>
  <system-out/>
</testsuite> <!-- com.hilti.ta.RunCucumberTest -->
